2020-08-30 17:42:36 Error: hola
2020-08-30 17:42:40 Error: hola
2020-08-30 17:42:41 Error: hola
2020-08-30 17:42:43 Error: hola
2020-08-30 17:42:44 Error: hola
2020-08-30 17:42:44 Error: hola
2020-08-30 17:42:44 Error: hola
2020-08-30 17:42:44 Error: hola
2020-08-30 17:42:44 Error: hola
2020-08-30 17:42:44 Error: hola
2020-08-30 17:42:44 Error: hola
2020-08-30 17:42:44 Error: Array
(
    [0] => Array
        (
            [total] => 
        )

)

2020-08-30 17:42:44 Error: hola
2020-08-30 17:42:44 Error: hola
2020-08-30 17:42:44 Error: Array
(
    [0] => Array
        (
            [total] => 500000
        )

)

2020-08-30 17:42:44 Error: hola
2020-08-30 17:42:44 Error: hola
2020-08-30 17:42:54 Error: hola
2020-08-30 17:43:04 Error: hola
2020-08-30 17:43:14 Error: hola
2020-08-30 17:43:24 Error: hola
2020-08-30 17:43:34 Error: hola
2020-08-30 17:43:38 Error: hola
2020-08-30 17:43:39 Error: hola
2020-08-30 17:43:40 Error: hola
2020-08-30 17:43:41 Error: hola
2020-08-30 17:43:41 Error: hola
2020-08-30 17:43:41 Error: hola
2020-08-30 17:43:41 Error: hola
2020-08-30 17:43:41 Error: hola
2020-08-30 17:43:41 Error: hola
2020-08-30 17:43:41 Error: hola
2020-08-30 17:43:41 Error: Array
(
    [0] => Array
        (
            [total] => 500000
        )

)

2020-08-30 17:43:41 Error: hola
2020-08-30 17:43:41 Error: hola
2020-08-30 17:43:41 Error: Array
(
    [0] => Array
        (
            [total] => 
        )

)

2020-08-30 17:43:41 Error: hola
2020-08-30 17:43:41 Error: hola
2020-08-30 17:43:51 Error: hola
